error occurederror occurederror occured
error occured
nullSun Jan 22 2017 04:03:16 GMT+0400 (+04)null
Sun Jan 22 2017 04:03:33 GMT+0400 (+04)null
Sun Jan 22 2017 04:03:46 GMT+0400 (+04)null
Sun Jan 22 2017 04:03:52 GMT+0400 (+04)null
Sun Jan 22 2017 04:03:54 GMT+0400 (+04)null
Sun Jan 22 2017 04:03:54 GMT+0400 (+04)null
Sun Jan 22 2017 04:03:54 GMT+0400 (+04)null
Sun Jan 22 2017 04:04:37 GMT+0400 (+04)   null   
Sun Jan 22 2017 04:05:12 GMT+0400 (+04)   true   
Sun Jan 22 2017 04:10:35 GMT+0400 (+04)   true   
Sun Jan 22 2017 04:10:48 GMT+0400 (+04)   true   
Sun Jan 22 2017 04:11:56 GMT+0400 (+04)   true   
Sun Jan 22 2017 04:19:49 GMT+0400 (+04)   true   
Sun Jan 22 2017 04:20:40 GMT+0400 (+04)   true   
Sun Jan 22 2017 16:10:00 GMT+0400 (+04)   true   
Sun Jan 22 2017 16:47:24 GMT+0400 (+04)   TypeError: Cannot read property 'oz_token' of undefined   
Sun Jan 22 2017 16:47:57 GMT+0400 (+04)   TypeError: Cannot read property 'oz_token' of undefined   
Sun Jan 22 2017 16:58:29 GMT+0400 (+04)   true   
Sun Jan 22 2017 16:58:41 GMT+0400 (+04)   true   
Sun Jan 22 2017 16:58:48 GMT+0400 (+04)   true   
Sun Jan 22 2017 16:58:49 GMT+0400 (+04)   true   
Sun Jan 22 2017 16:58:50 GMT+0400 (+04)   true   
Sun Jan 22 2017 16:58:50 GMT+0400 (+04)   true   
Sun Jan 22 2017 16:58:51 GMT+0400 (+04)   true   
Sun Jan 22 2017 16:58:52 GMT+0400 (+04)   true   
Sun Jan 22 2017 16:58:54 GMT+0400 (+04)   true   
Sun Jan 22 2017 16:59:02 GMT+0400 (+04)   true   
Sun Jan 22 2017 16:59:03 GMT+0400 (+04)   true   
Sun Jan 22 2017 16:59:03 GMT+0400 (+04)   true   
Sun Jan 22 2017 16:59:04 GMT+0400 (+04)   true   
Sun Jan 22 2017 16:59:04 GMT+0400 (+04)   true   
Sun Jan 22 2017 16:59:04 GMT+0400 (+04)   true   
Sun Jan 22 2017 16:59:05 GMT+0400 (+04)   true   
Sun Jan 22 2017 16:59:05 GMT+0400 (+04)   true   
Sun Jan 22 2017 16:59:05 GMT+0400 (+04)   true   
Sun Jan 22 2017 16:59:05 GMT+0400 (+04)   true   
Sun Jan 22 2017 16:59:06 GMT+0400 (+04)   true   
Sun Jan 22 2017 16:59:08 GMT+0400 (+04)   true   
Sun Jan 22 2017 16:59:14 GMT+0400 (+04)   true   
Sun Jan 22 2017 16:59:49 GMT+0400 (+04)   true   
Sun Jan 22 2017 16:59:50 GMT+0400 (+04)   true   
Sun Jan 22 2017 16:59:50 GMT+0400 (+04)   true   
Sun Jan 22 2017 16:59:50 GMT+0400 (+04)   true   
Sun Jan 22 2017 16:59:51 GMT+0400 (+04)   true   
Sun Jan 22 2017 16:59:51 GMT+0400 (+04)   true   
Sun Jan 22 2017 16:59:51 GMT+0400 (+04)   true   
Sun Jan 22 2017 16:59:51 GMT+0400 (+04)   true   
Sun Jan 22 2017 16:59:51 GMT+0400 (+04)   true   
Sun Jan 22 2017 16:59:52 GMT+0400 (+04)   true   
Sun Jan 22 2017 17:00:01 GMT+0400 (+04)   true   
Sun Jan 22 2017 17:01:42 GMT+0400 (+04)   true   
Sun Jan 22 2017 17:02:33 GMT+0400 (+04)   true   
Sun Jan 22 2017 17:02:34 GMT+0400 (+04)   true   
Sun Jan 22 2017 17:02:34 GMT+0400 (+04)   true   
Sun Jan 22 2017 17:02:35 GMT+0400 (+04)   true   
Sun Jan 22 2017 17:02:51 GMT+0400 (+04)   true   
Sun Jan 22 2017 17:03:29 GMT+0400 (+04)   true   
Sun Jan 22 2017 17:04:10 GMT+0400 (+04)   true   
Sun Jan 22 2017 18:03:35 GMT+0400 (+04)   true   
Sun Jan 22 2017 18:06:16 GMT+0400 (+04)   Error: Failed to lookup view "/visitor/index" in views directory "/home/ozkart/Desktop/NODEJS/limbo2/views"   
Sun Jan 22 2017 18:06:21 GMT+0400 (+04)   Error: Failed to lookup view "/visitor/index" in views directory "/home/ozkart/Desktop/NODEJS/limbo2/views"   
Sun Jan 22 2017 18:07:06 GMT+0400 (+04)   Error: Failed to lookup view "/visitor/index" in views directory "/home/ozkart/Desktop/NODEJS/limbo2/views"   
Sun Jan 22 2017 18:13:18 GMT+0400 (+04)   Error: Failed to lookup view "./views/layouts/visitorLayout" in views directory "/home/ozkart/Desktop/NODEJS/limbo2/views"   
Sun Jan 22 2017 18:13:41 GMT+0400 (+04)   Error: Failed to lookup view "./views/layouts/visitorLayout" in views directory "/home/ozkart/Desktop/NODEJS/limbo2/views"   
Sun Jan 22 2017 18:14:20 GMT+0400 (+04)   Error: Failed to lookup view "./views/layouts/visitorLayout" in views directory "/home/ozkart/Desktop/NODEJS/limbo2/views"   
Sun Jan 22 2017 18:50:44 GMT+0400 (+04)   Error: 404   
Sun Jan 22 2017 18:51:34 GMT+0400 (+04)   Error: 404   
Sun Jan 22 2017 18:51:35 GMT+0400 (+04)   Error: 404   
Sun Jan 22 2017 18:51:43 GMT+0400 (+04)   Error: 404   
Sun Jan 22 2017 18:51:47 GMT+0400 (+04)   Error: 404   
Sun Jan 22 2017 18:53:14 GMT+0400 (+04)   Error: 404   
Sun Jan 22 2017 18:53:41 GMT+0400 (+04)   Error   
Sun Jan 22 2017 18:53:56 GMT+0400 (+04)   Error   
Sun Jan 22 2017 18:53:57 GMT+0400 (+04)   Error   
Sun Jan 22 2017 18:55:31 GMT+0400 (+04)   Error   
Sun Jan 22 2017 18:55:40 GMT+0400 (+04)   Error   
Sun Jan 22 2017 18:56:22 GMT+0400 (+04)   Error   
Sun Jan 22 2017 18:56:58 GMT+0400 (+04)   true   
Sun Jan 22 2017 18:56:59 GMT+0400 (+04)   true   
Sun Jan 22 2017 18:57:01 GMT+0400 (+04)   true   
Sun Jan 22 2017 18:57:02 GMT+0400 (+04)   true   
Sun Jan 22 2017 18:58:20 GMT+0400 (+04)   [object Object]   
Sun Jan 22 2017 18:58:26 GMT+0400 (+04)   [object Object]   
Sun Jan 22 2017 18:58:29 GMT+0400 (+04)   [object Object]   
Sun Jan 22 2017 18:58:58 GMT+0400 (+04)   [object Object]   
Sun Jan 22 2017 19:00:00 GMT+0400 (+04)   404 Page not found   
Sun Jan 22 2017 19:00:27 GMT+0400 (+04)   404 Page not found   
Sun Jan 22 2017 19:00:34 GMT+0400 (+04)   404 Page not found   
Sun Jan 22 2017 19:02:19 GMT+0400 (+04)   404 Page not found   
Sun Jan 22 2017 19:02:47 GMT+0400 (+04)   404 Page not found   
Sun Jan 22 2017 19:02:50 GMT+0400 (+04)   404 Page not found   
